<?xml version="1.0" encoding="UTF-8"?>
<testsuites name="jest tests" tests="19" failures="0" errors="0" time="8.743">
  <testsuite name="dbRouter" errors="0" failures="0" skipped="0" timestamp="2026-05-28T15:59:28" time="2.825" tests="13">
    <testcase classname="dbRouter prismaWrite her zaman primary client döner" name="dbRouter prismaWrite her zaman primary client döner" time="0.032">
    </testcase>
    <testcase classname="dbRouter prismaRead replica aktif değilse primary döner" name="dbRouter prismaRead replica aktif değilse primary döner" time="0.003">
    </testcase>
    <testcase classname="dbRouter prismaRead requireFresh=true ise replica aktif olsa bile primary döner" name="dbRouter prismaRead requireFresh=true ise replica aktif olsa bile primary döner" time="0.001">
    </testcase>
    <testcase classname="dbRouter prismaRead replica aktif + cache yok ise fail-open ile primary döner" name="dbRouter prismaRead replica aktif + cache yok ise fail-open ile primary döner" time="0.006">
    </testcase>
    <testcase classname="dbRouter measureReplicaLag replica aktif değilse 0 döner" name="dbRouter measureReplicaLag replica aktif değilse 0 döner" time="0.003">
    </testcase>
    <testcase classname="dbRouter measureReplicaLag replica aktif + sorgu başarılı → lag saniye olarak döner" name="dbRouter measureReplicaLag replica aktif + sorgu başarılı → lag saniye olarak döner" time="0.002">
    </testcase>
    <testcase classname="dbRouter measureReplicaLag sorgu hatası → null döner (fail-open)" name="dbRouter measureReplicaLag sorgu hatası → null döner (fail-open)" time="0.003">
    </testcase>
    <testcase classname="dbRouter measureReplicaLag pg_is_in_recovery=false (primary mode) → 0 döner" name="dbRouter measureReplicaLag pg_is_in_recovery=false (primary mode) → 0 döner" time="0.003">
    </testcase>
    <testcase classname="dbRouter refreshLagCache lag ölçüp cache&apos;i günceller" name="dbRouter refreshLagCache lag ölçüp cache&apos;i günceller" time="0.002">
    </testcase>
    <testcase classname="dbRouter getReplicaStatus replica aktif değilse healthy döner" name="dbRouter getReplicaStatus replica aktif değilse healthy döner" time="0.004">
    </testcase>
    <testcase classname="dbRouter getReplicaStatus replica sağlıklı + düşük lag → healthy &amp; not degraded" name="dbRouter getReplicaStatus replica sağlıklı + düşük lag → healthy &amp; not degraded" time="0.002">
    </testcase>
    <testcase classname="dbRouter getReplicaStatus lag &gt; 5s → degraded mode" name="dbRouter getReplicaStatus lag &gt; 5s → degraded mode" time="0.001">
    </testcase>
    <testcase classname="dbRouter getReplicaStatus lag sorgusu başarısız → unhealthy + degraded" name="dbRouter getReplicaStatus lag sorgusu başarısız → unhealthy + degraded" time="0.001">
    </testcase>
  </testsuite>
  <testsuite name="circuitBreaker (opossum)" errors="0" failures="0" skipped="0" timestamp="2026-05-28T15:59:28" time="4.308" tests="6">
    <testcase classname="circuitBreaker (opossum) aynı isimle çağırınca aynı instance döner" name="circuitBreaker (opossum) aynı isimle çağırınca aynı instance döner" time="0.027">
    </testcase>
    <testcase classname="circuitBreaker (opossum) başarılı action çağırınca sonucu döner" name="circuitBreaker (opossum) başarılı action çağırınca sonucu döner" time="0.002">
    </testcase>
    <testcase classname="circuitBreaker (opossum) action throw ederse breaker hata fırlatır" name="circuitBreaker (opossum) action throw ederse breaker hata fırlatır" time="0.032">
    </testcase>
    <testcase classname="circuitBreaker (opossum) timeout aşılırsa TimeoutError fırlatır" name="circuitBreaker (opossum) timeout aşılırsa TimeoutError fırlatır" time="0.063">
    </testcase>
    <testcase classname="circuitBreaker (opossum) fallback action sağlanmışsa OPEN durumda fallback değeri döner" name="circuitBreaker (opossum) fallback action sağlanmışsa OPEN durumda fallback değeri döner" time="0.004">
    </testcase>
    <testcase classname="circuitBreaker (opossum) collectBreakerMetrics tüm breaker state&apos;lerini döner" name="circuitBreaker (opossum) collectBreakerMetrics tüm breaker state&apos;lerini döner" time="0.003">
    </testcase>
  </testsuite>
</testsuites>